<?xml version="1.0" encoding="UTF-8"?>
<testsuite xmlns:xsi="http://www.w3.org/2001/XMLSchema-instance" xsi:noNamespaceSchemaLocation="https://maven.apache.org/surefire/maven-surefire-plugin/xsd/surefire-test-report-3.0.xsd" version="3.0" name="com.app.MyResourceTest" time="0.54" tests="1" errors="1" skipped="0" failures="0">
  <properties>
[...]
</properties>
  <testcase name="" classname="com.app.MyResourceTest" time="0.54">
    <error type="jakarta.ws.rs.ProcessingException"><![CDATA[jakarta.ws.rs.ProcessingException: Exception thrown when trying to create jetty server.
	at com.app.MyResourceTest.beforeAllTests(MyResourceTest.java:25)
Caused by: java.io.IOException: Failed to bind to 0.0.0.0/0.0.0.0:8080
	at com.app.MyResourceTest.beforeAllTests(MyResourceTest.java:25)
Caused by: java.net.BindException: Endereço já em uso
	at com.app.MyResourceTest.beforeAllTests(MyResourceTest.java:25)
]]></error>
    <system-err><![CDATA[mai 26, 2022 1:06:36 DA MANHÃ org.glassfish.jersey.server.wadl.WadlFeature configure
WARNING: JAXBContext implementation could not be found. WADL feature is disabled.
[main] INFO org.eclipse.jetty.server.Server - jetty-11.0.0; built: 2020-12-02T21:37:29.286Z; git: 432f896d7a4555fcc81f38108757ea0aca8788e6; jvm 11.0.15+10-Ubuntu-0ubuntu0.20.04.1
]]></system-err>
  </testcase>
</testsuite>